CREATE TABLE course ( sid INT , homework INT , project INT , exam INT , grade STR20 ) 
Disk IOs: 0
Execution Time: 0.003419 s

=================================

INSERT INTO course ( sid , homework , project , exam , grade ) VALUES ( 1 , 99 , 100 , 100 , "A" ) 
Disk IOs: 1
Execution Time: 0.074204 s

=================================

SELECT * FROM course 
-----------------
course.sid course.homework course.project course.exam course.grade 
-----------------
1	99	100	100	A	
-----------------
Disk IOs: 1
Execution Time: 0.074076 s

=================================

INSERT INTO course ( sid , homework , project , exam , grade ) VALUES ( 2 , 0 , 100 , 100 , "E" ) 
Disk IOs: 2
Execution Time: 0.148069 s

=================================

SELECT * FROM course 
-----------------
course.sid course.homework course.project course.exam course.grade 
-----------------
1	99	100	100	A	
2	0	100	100	E	
-----------------
Disk IOs: 2
Execution Time: 0.148053 s

=================================

INSERT INTO course ( sid , grade , exam , project , homework ) VALUES ( 3 , "E" , 100 , 100 , 100 ) 
Disk IOs: 2
Execution Time: 0.148057 s

=================================

SELECT * FROM course 
-----------------
course.sid course.homework course.project course.exam course.grade 
-----------------
1	99	100	100	A	
2	0	100	100	E	
3	100	100	100	E	
-----------------
Disk IOs: 3
Execution Time: 0.222092 s

=================================

INSERT INTO course ( sid , homework , project , exam , grade ) SELECT * FROM course 
Disk IOs: 9
Execution Time: 0.666239 s

=================================

SELECT * FROM course 
-----------------
course.sid course.homework course.project course.exam course.grade 
-----------------
1	99	100	100	A	
2	0	100	100	E	
3	100	100	100	E	
1	99	100	100	A	
2	0	100	100	E	
3	100	100	100	E	
-----------------
Disk IOs: 6
Execution Time: 0.444114 s

=================================

DELETE FROM course WHERE grade = "E" 
Disk IOs: 8
Execution Time: 0.592208 s

=================================

SELECT * FROM course 
-----------------
course.sid course.homework course.project course.exam course.grade 
-----------------
1	99	100	100	A	
1	99	100	100	A	
-----------------
Disk IOs: 2
Execution Time: 0.148083 s

=================================

INSERT INTO course ( sid , homework , project , exam , grade ) VALUES ( 4 , 99 , 100 , 100 , "B" ) 
Disk IOs: 2
Execution Time: 0.148086 s

=================================

SELECT * FROM course 
-----------------
course.sid course.homework course.project course.exam course.grade 
-----------------
1	99	100	100	A	
1	99	100	100	A	
4	99	100	100	B	
-----------------
Disk IOs: 3
Execution Time: 0.222107 s

=================================

DELETE FROM course 
Disk IOs: 3
Execution Time: 0.22204 s

=================================

SELECT * FROM course 
Disk IOs: 0
Execution Time: 1.6e-05 s

=================================

DROP TABLE course 
Disk IOs: 0
Execution Time: 1.1e-05 s

=================================

CREATE TABLE course ( sid INT , homework INT , project INT , exam INT , grade STR20 ) 
Disk IOs: 0
Execution Time: 2.3e-05 s

=================================

INSERT INTO course ( sid , homework , project , exam , grade ) VALUES ( 1 , 99 , 100 , 100 , "A" ) 
Disk IOs: 1
Execution Time: 0.074047 s

=================================

INSERT INTO course ( sid , homework , project , exam , grade ) VALUES ( 3 , 100 , 100 , 98 , "C" ) 
Disk IOs: 2
Execution Time: 0.148073 s

=================================

INSERT INTO course ( sid , homework , project , exam , grade ) VALUES ( 3 , 100 , 69 , 64 , "C" ) 
Disk IOs: 2
Execution Time: 0.148077 s

=================================

INSERT INTO course ( sid , homework , project , exam , grade ) VALUES ( 15 , 100 , 50 , 90 , "E" ) 
Disk IOs: 2
Execution Time: 0.148096 s

=================================

INSERT INTO course ( sid , homework , project , exam , grade ) VALUES ( 15 , 100 , 99 , 100 , "E" ) 
Disk IOs: 2
Execution Time: 0.148087 s

=================================

INSERT INTO course ( sid , homework , project , exam , grade ) VALUES ( 17 , 100 , 100 , 100 , "A" ) 
Disk IOs: 2
Execution Time: 0.148081 s

=================================

INSERT INTO course ( sid , homework , project , exam , grade ) VALUES ( 2 , 100 , 100 , 99 , "B" ) 
Disk IOs: 2
Execution Time: 0.148091 s

=================================

INSERT INTO course ( sid , homework , project , exam , grade ) VALUES ( 4 , 100 , 100 , 97 , "D" ) 
Disk IOs: 2
Execution Time: 0.148068 s

=================================

INSERT INTO course ( sid , homework , project , exam , grade ) VALUES ( 5 , 100 , 100 , 66 , "A" ) 
Disk IOs: 2
Execution Time: 0.148135 s

=================================

INSERT INTO course ( sid , homework , project , exam , grade ) VALUES ( 6 , 100 , 100 , 65 , "B" ) 
Disk IOs: 2
Execution Time: 0.148137 s

=================================

INSERT INTO course ( sid , homework , project , exam , grade ) VALUES ( 7 , 100 , 50 , 73 , "C" ) 
Disk IOs: 2
Execution Time: 0.148096 s

=================================

INSERT INTO course ( sid , homework , project , exam , grade ) VALUES ( 8 , 50 , 50 , 62 , "C" ) 
Disk IOs: 2
Execution Time: 0.148082 s

=================================

INSERT INTO course ( sid , homework , project , exam , grade ) VALUES ( 9 , 50 , 50 , 61 , "D" ) 
Disk IOs: 2
Execution Time: 0.148066 s

=================================

INSERT INTO course ( sid , homework , project , exam , grade ) VALUES ( 10 , 50 , 70 , 70 , "C" ) 
Disk IOs: 2
Execution Time: 0.148077 s

=================================

INSERT INTO course ( sid , homework , project , exam , grade ) VALUES ( 11 , 50 , 50 , 59 , "D" ) 
Disk IOs: 2
Execution Time: 0.148056 s

=================================

INSERT INTO course ( sid , homework , project , exam , grade ) VALUES ( 12 , 0 , 70 , 58 , "C" ) 
Disk IOs: 2
Execution Time: 0.148052 s

=================================

INSERT INTO course ( sid , homework , project , exam , grade ) VALUES ( 13 , 0 , 50 , 77 , "C" ) 
Disk IOs: 2
Execution Time: 0.148081 s

=================================

INSERT INTO course ( sid , homework , project , exam , grade ) VALUES ( 14 , 50 , 50 , 56 , "D" ) 
Disk IOs: 2
Execution Time: 0.148071 s

=================================

INSERT INTO course ( sid , homework , project , exam , grade ) VALUES ( 16 , 0 , 0 , 0 , "E" ) 
Disk IOs: 2
Execution Time: 0.148088 s

=================================

INSERT INTO course ( sid , homework , project , exam , grade ) VALUES ( 16 , 0 , 0 , 0 , "E" ) 
Disk IOs: 2
Execution Time: 0.14808 s

=================================

INSERT INTO course ( sid , homework , project , exam , grade ) VALUES ( 16 , 0 , 0 , 0 , "E" ) 
Disk IOs: 2
Execution Time: 0.148067 s

=================================

INSERT INTO course ( sid , homework , project , exam , grade ) VALUES ( 16 , 0 , 0 , 0 , "E" ) 
Disk IOs: 2
Execution Time: 0.148087 s

=================================

INSERT INTO course ( sid , homework , project , exam , grade ) VALUES ( 16 , 0 , 0 , 0 , "E" ) 
Disk IOs: 2
Execution Time: 0.148068 s

=================================

INSERT INTO course ( sid , homework , project , exam , grade ) VALUES ( 16 , 0 , 0 , 0 , "E" ) 
Disk IOs: 2
Execution Time: 0.14808 s

=================================

INSERT INTO course ( sid , homework , project , exam , grade ) VALUES ( 16 , 0 , 0 , 0 , "E" ) 
Disk IOs: 2
Execution Time: 0.148085 s

=================================

INSERT INTO course ( sid , homework , project , exam , grade ) VALUES ( 16 , 0 , 0 , 0 , "E" ) 
Disk IOs: 2
Execution Time: 0.148079 s

=================================

INSERT INTO course ( sid , homework , project , exam , grade ) VALUES ( 16 , 0 , 0 , 0 , "E" ) 
Disk IOs: 2
Execution Time: 0.148075 s

=================================

INSERT INTO course ( sid , homework , project , exam , grade ) VALUES ( 16 , 0 , 0 , 0 , "E" ) 
Disk IOs: 2
Execution Time: 0.148082 s

=================================

INSERT INTO course ( sid , homework , project , exam , grade ) VALUES ( 16 , 0 , 0 , 0 , "E" ) 
Disk IOs: 2
Execution Time: 0.148076 s

=================================

INSERT INTO course ( sid , homework , project , exam , grade ) VALUES ( 16 , 0 , 0 , 0 , "E" ) 
Disk IOs: 2
Execution Time: 0.148087 s

=================================

INSERT INTO course ( sid , homework , project , exam , grade ) VALUES ( 16 , 0 , 0 , 0 , "E" ) 
Disk IOs: 2
Execution Time: 0.148077 s

=================================

INSERT INTO course ( sid , homework , project , exam , grade ) VALUES ( 16 , 0 , 0 , 0 , "E" ) 
Disk IOs: 2
Execution Time: 0.148082 s

=================================

INSERT INTO course ( sid , homework , project , exam , grade ) VALUES ( 16 , 0 , 0 , 0 , "E" ) 
Disk IOs: 2
Execution Time: 0.148104 s

=================================

INSERT INTO course ( sid , homework , project , exam , grade ) VALUES ( 16 , 0 , 0 , 0 , "E" ) 
Disk IOs: 2
Execution Time: 0.148096 s

=================================

INSERT INTO course ( sid , homework , project , exam , grade ) VALUES ( 16 , 0 , 0 , 0 , "E" ) 
Disk IOs: 2
Execution Time: 0.148073 s

=================================

INSERT INTO course ( sid , homework , project , exam , grade ) VALUES ( 16 , 0 , 0 , 0 , "E" ) 
Disk IOs: 2
Execution Time: 0.148061 s

=================================

INSERT INTO course ( sid , homework , project , exam , grade ) VALUES ( 16 , 0 , 0 , 0 , "E" ) 
Disk IOs: 2
Execution Time: 0.14807 s

=================================

INSERT INTO course ( sid , homework , project , exam , grade ) VALUES ( 16 , 0 , 0 , 0 , "E" ) 
Disk IOs: 2
Execution Time: 0.148077 s

=================================

INSERT INTO course ( sid , homework , project , exam , grade ) VALUES ( 16 , 0 , 0 , 0 , "E" ) 
Disk IOs: 2
Execution Time: 0.148123 s

=================================

INSERT INTO course ( sid , homework , project , exam , grade ) VALUES ( 16 , 0 , 0 , 0 , "E" ) 
Disk IOs: 2
Execution Time: 0.148083 s

=================================

INSERT INTO course ( sid , homework , project , exam , grade ) VALUES ( 16 , 0 , 0 , 0 , "E" ) 
Disk IOs: 2
Execution Time: 0.148083 s

=================================

INSERT INTO course ( sid , homework , project , exam , grade ) VALUES ( 16 , 0 , 0 , 0 , "E" ) 
Disk IOs: 2
Execution Time: 0.148079 s

=================================

INSERT INTO course ( sid , homework , project , exam , grade ) VALUES ( 16 , 0 , 0 , 0 , "E" ) 
Disk IOs: 2
Execution Time: 0.148058 s

=================================

INSERT INTO course ( sid , homework , project , exam , grade ) VALUES ( 16 , 0 , 0 , 0 , "E" ) 
Disk IOs: 2
Execution Time: 0.148084 s

=================================

INSERT INTO course ( sid , homework , project , exam , grade ) VALUES ( 16 , 0 , 0 , 0 , "E" ) 
Disk IOs: 2
Execution Time: 0.148106 s

=================================

INSERT INTO course ( sid , homework , project , exam , grade ) VALUES ( 16 , 0 , 0 , 0 , "E" ) 
Disk IOs: 2
Execution Time: 0.148099 s

=================================

INSERT INTO course ( sid , homework , project , exam , grade ) VALUES ( 16 , 0 , 0 , 0 , "E" ) 
Disk IOs: 2
Execution Time: 0.14808 s

=================================

INSERT INTO course ( sid , homework , project , exam , grade ) VALUES ( 16 , 0 , 0 , 0 , "E" ) 
Disk IOs: 2
Execution Time: 0.148085 s

=================================

INSERT INTO course ( sid , homework , project , exam , grade ) VALUES ( 16 , 0 , 0 , 0 , "E" ) 
Disk IOs: 2
Execution Time: 0.148065 s

=================================

INSERT INTO course ( sid , homework , project , exam , grade ) VALUES ( 16 , 0 , 0 , 0 , "E" ) 
Disk IOs: 2
Execution Time: 0.148085 s

=================================

INSERT INTO course ( sid , homework , project , exam , grade ) VALUES ( 16 , 0 , 0 , 0 , "E" ) 
Disk IOs: 2
Execution Time: 0.148065 s

=================================

INSERT INTO course ( sid , homework , project , exam , grade ) VALUES ( 16 , 0 , 0 , 0 , "E" ) 
Disk IOs: 2
Execution Time: 0.148089 s

=================================

INSERT INTO course ( sid , homework , project , exam , grade ) VALUES ( 16 , 0 , 0 , 0 , "E" ) 
Disk IOs: 2
Execution Time: 0.148113 s

=================================

INSERT INTO course ( sid , homework , project , exam , grade ) VALUES ( 16 , 0 , 0 , 0 , "E" ) 
Disk IOs: 2
Execution Time: 0.148097 s

=================================

INSERT INTO course ( sid , homework , project , exam , grade ) VALUES ( 16 , 0 , 0 , 0 , "E" ) 
Disk IOs: 2
Execution Time: 0.148082 s

=================================

INSERT INTO course ( sid , homework , project , exam , grade ) VALUES ( 16 , 0 , 0 , 0 , "E" ) 
Disk IOs: 2
Execution Time: 0.148077 s

=================================

INSERT INTO course ( sid , homework , project , exam , grade ) VALUES ( 16 , 0 , 0 , 0 , "E" ) 
Disk IOs: 2
Execution Time: 0.148069 s

=================================

INSERT INTO course ( sid , homework , project , exam , grade ) VALUES ( 16 , 0 , 0 , 0 , "E" ) 
Disk IOs: 2
Execution Time: 0.148068 s

=================================

INSERT INTO course ( sid , homework , project , exam , grade ) VALUES ( 16 , 0 , 0 , 0 , "E" ) 
Disk IOs: 2
Execution Time: 0.148077 s

=================================

INSERT INTO course ( sid , homework , project , exam , grade ) VALUES ( 17 , 100 , 100 , 100 , "A" ) 
Disk IOs: 2
Execution Time: 0.14807 s

=================================

SELECT * FROM course 
-----------------
course.sid course.homework course.project course.exam course.grade 
-----------------
1	99	100	100	A	
3	100	100	98	C	
3	100	69	64	C	
15	100	50	90	E	
15	100	99	100	E	
17	100	100	100	A	
2	100	100	99	B	
4	100	100	97	D	
5	100	100	66	A	
6	100	100	65	B	
7	100	50	73	C	
8	50	50	62	C	
9	50	50	61	D	
10	50	70	70	C	
11	50	50	59	D	
12	0	70	58	C	
13	0	50	77	C	
14	50	50	56	D	
16	0	0	0	E	
16	0	0	0	E	
16	0	0	0	E	
16	0	0	0	E	
16	0	0	0	E	
16	0	0	0	E	
16	0	0	0	E	
16	0	0	0	E	
16	0	0	0	E	
16	0	0	0	E	
16	0	0	0	E	
16	0	0	0	E	
16	0	0	0	E	
16	0	0	0	E	
16	0	0	0	E	
16	0	0	0	E	
16	0	0	0	E	
16	0	0	0	E	
16	0	0	0	E	
16	0	0	0	E	
16	0	0	0	E	
16	0	0	0	E	
16	0	0	0	E	
16	0	0	0	E	
16	0	0	0	E	
16	0	0	0	E	
16	0	0	0	E	
16	0	0	0	E	
16	0	0	0	E	
16	0	0	0	E	
16	0	0	0	E	
16	0	0	0	E	
16	0	0	0	E	
16	0	0	0	E	
16	0	0	0	E	
16	0	0	0	E	
16	0	0	0	E	
16	0	0	0	E	
16	0	0	0	E	
16	0	0	0	E	
16	0	0	0	E	
17	100	100	100	A	
-----------------
Disk IOs: 60
Execution Time: 4.44061 s

=================================

SELECT sid , grade FROM course 
-----------------
course.sid course.grade 
-----------------
1	A	
3	C	
3	C	
15	E	
15	E	
17	A	
2	B	
4	D	
5	A	
6	B	
7	C	
8	C	
9	D	
10	C	
11	D	
12	C	
13	C	
14	D	
16	E	
16	E	
16	E	
16	E	
16	E	
16	E	
16	E	
16	E	
16	E	
16	E	
16	E	
16	E	
16	E	
16	E	
16	E	
16	E	
16	E	
16	E	
16	E	
16	E	
16	E	
16	E	
16	E	
16	E	
16	E	
16	E	
16	E	
16	E	
16	E	
16	E	
16	E	
16	E	
16	E	
16	E	
16	E	
16	E	
16	E	
16	E	
16	E	
16	E	
16	E	
17	A	
-----------------
Disk IOs: 60
Execution Time: 4.44101 s

=================================

SELECT sid , course.grade FROM course 
-----------------
course.sid course.grade 
-----------------
1	A	
3	C	
3	C	
15	E	
15	E	
17	A	
2	B	
4	D	
5	A	
6	B	
7	C	
8	C	
9	D	
10	C	
11	D	
12	C	
13	C	
14	D	
16	E	
16	E	
16	E	
16	E	
16	E	
16	E	
16	E	
16	E	
16	E	
16	E	
16	E	
16	E	
16	E	
16	E	
16	E	
16	E	
16	E	
16	E	
16	E	
16	E	
16	E	
16	E	
16	E	
16	E	
16	E	
16	E	
16	E	
16	E	
16	E	
16	E	
16	E	
16	E	
16	E	
16	E	
16	E	
16	E	
16	E	
16	E	
16	E	
16	E	
16	E	
17	A	
-----------------
Disk IOs: 60
Execution Time: 4.44097 s

=================================

SELECT DISTINCT grade FROM course 
-----------------
course.grade 
-----------------
A	
E	
D	
C	
B	
-----------------
Disk IOs: 76
Execution Time: 5.55606 s

=================================

SELECT DISTINCT * FROM course 
-----------------
course.sid course.homework course.project course.exam course.grade 
-----------------
1	99	100	100	A	
2	100	100	99	B	
3	100	69	64	C	
3	100	100	98	C	
4	100	100	97	D	
5	100	100	66	A	
6	100	100	65	B	
7	100	50	73	C	
8	50	50	62	C	
9	50	50	61	D	
10	50	70	70	C	
11	50	50	59	D	
12	0	70	58	C	
13	0	50	77	C	
14	50	50	56	D	
15	100	99	100	E	
15	100	50	90	E	
16	0	0	0	E	
17	100	100	100	A	
-----------------
Disk IOs: 180
Execution Time: 12.2454 s

=================================

SELECT * FROM course ORDER BY exam 
-----------------
course.sid course.homework course.project course.exam course.grade 
-----------------
16	0	0	0	E	
16	0	0	0	E	
16	0	0	0	E	
16	0	0	0	E	
16	0	0	0	E	
16	0	0	0	E	
16	0	0	0	E	
16	0	0	0	E	
16	0	0	0	E	
16	0	0	0	E	
16	0	0	0	E	
16	0	0	0	E	
16	0	0	0	E	
16	0	0	0	E	
16	0	0	0	E	
16	0	0	0	E	
16	0	0	0	E	
16	0	0	0	E	
16	0	0	0	E	
16	0	0	0	E	
16	0	0	0	E	
16	0	0	0	E	
16	0	0	0	E	
16	0	0	0	E	
16	0	0	0	E	
16	0	0	0	E	
16	0	0	0	E	
16	0	0	0	E	
16	0	0	0	E	
16	0	0	0	E	
16	0	0	0	E	
16	0	0	0	E	
16	0	0	0	E	
16	0	0	0	E	
16	0	0	0	E	
16	0	0	0	E	
16	0	0	0	E	
16	0	0	0	E	
16	0	0	0	E	
16	0	0	0	E	
16	0	0	0	E	
14	50	50	56	D	
12	0	70	58	C	
11	50	50	59	D	
9	50	50	61	D	
8	50	50	62	C	
3	100	69	64	C	
6	100	100	65	B	
5	100	100	66	A	
10	50	70	70	C	
7	100	50	73	C	
13	0	50	77	C	
15	100	50	90	E	
4	100	100	97	D	
3	100	100	98	C	
2	100	100	99	B	
17	100	100	100	A	
15	100	99	100	E	
1	99	100	100	A	
17	100	100	100	A	
-----------------
Disk IOs: 180
Execution Time: 12.2431 s

=================================

SELECT * FROM course WHERE exam = 100 
-----------------
course.sid course.homework course.project course.exam course.grade 
-----------------
1	99	100	100	A	
15	100	99	100	E	
17	100	100	100	A	
17	100	100	100	A	
-----------------
Disk IOs: 60
Execution Time: 4.44179 s

=================================

SELECT * FROM course WHERE grade = "A" 
-----------------
course.sid course.homework course.project course.exam course.grade 
-----------------
1	99	100	100	A	
17	100	100	100	A	
5	100	100	66	A	
17	100	100	100	A	
-----------------
Disk IOs: 60
Execution Time: 4.44205 s

=================================

SELECT * FROM course WHERE exam = 100 AND project = 100 
-----------------
course.sid course.homework course.project course.exam course.grade 
-----------------
1	99	100	100	A	
17	100	100	100	A	
17	100	100	100	A	
-----------------
Disk IOs: 60
Execution Time: 4.44279 s

=================================

SELECT * FROM course WHERE exam = 100 OR exam = 99 
-----------------
course.sid course.homework course.project course.exam course.grade 
-----------------
1	99	100	100	A	
15	100	99	100	E	
17	100	100	100	A	
2	100	100	99	B	
17	100	100	100	A	
-----------------
Disk IOs: 60
Execution Time: 4.44217 s

=================================

SELECT * FROM course WHERE NOT exam = 0 
-----------------
course.sid course.homework course.project course.exam course.grade 
-----------------
1	99	100	100	A	
3	100	100	98	C	
3	100	69	64	C	
15	100	50	90	E	
15	100	99	100	E	
17	100	100	100	A	
2	100	100	99	B	
4	100	100	97	D	
5	100	100	66	A	
6	100	100	65	B	
7	100	50	73	C	
8	50	50	62	C	
9	50	50	61	D	
10	50	70	70	C	
11	50	50	59	D	
12	0	70	58	C	
13	0	50	77	C	
14	50	50	56	D	
17	100	100	100	A	
-----------------
Disk IOs: 60
Execution Time: 4.44212 s

=================================

SELECT * FROM course WHERE exam > 70 
-----------------
course.sid course.homework course.project course.exam course.grade 
-----------------
1	99	100	100	A	
3	100	100	98	C	
15	100	50	90	E	
15	100	99	100	E	
17	100	100	100	A	
2	100	100	99	B	
4	100	100	97	D	
7	100	50	73	C	
13	0	50	77	C	
17	100	100	100	A	
-----------------
Disk IOs: 60
Execution Time: 4.44157 s

=================================

SELECT * FROM course WHERE exam = 100 OR homework = 100 AND project = 100 
-----------------
course.sid course.homework course.project course.exam course.grade 
-----------------
1	99	100	100	A	
3	100	100	98	C	
15	100	99	100	E	
17	100	100	100	A	
2	100	100	99	B	
4	100	100	97	D	
5	100	100	66	A	
6	100	100	65	B	
17	100	100	100	A	
-----------------
Disk IOs: 60
Execution Time: 4.44318 s

=================================

SELECT * FROM course WHERE [ exam = 100 OR homework = 100 ] AND project = 100 
-----------------
course.sid course.homework course.project course.exam course.grade 
-----------------
1	99	100	100	A	
3	100	100	98	C	
17	100	100	100	A	
2	100	100	99	B	
4	100	100	97	D	
5	100	100	66	A	
6	100	100	65	B	
17	100	100	100	A	
-----------------
Disk IOs: 60
Execution Time: 4.44293 s

=================================

SELECT * FROM course WHERE exam + homework = 200 
-----------------
course.sid course.homework course.project course.exam course.grade 
-----------------
15	100	99	100	E	
17	100	100	100	A	
17	100	100	100	A	
-----------------
Disk IOs: 60
Execution Time: 4.4426 s

=================================

SELECT * FROM course WHERE ( exam * 30 + homework * 20 + project * 50 ) / 100 = 100 
-----------------
course.sid course.homework course.project course.exam course.grade 
-----------------
17	100	100	100	A	
17	100	100	100	A	
-----------------
Disk IOs: 60
Execution Time: 4.44389 s

=================================

SELECT * FROM course WHERE grade = "C" AND [ exam > 70 OR project > 70 ] AND NOT ( exam * 30 + homework * 20 + project * 50 ) / 100 < 60 
-----------------
course.sid course.homework course.project course.exam course.grade 
-----------------
3	100	100	98	C	
7	100	50	73	C	
-----------------
Disk IOs: 60
Execution Time: 4.44573 s

=================================

CREATE TABLE course2 ( sid INT , exam INT , grade STR20 ) 
Disk IOs: 0
Execution Time: 3.5e-05 s

=================================

INSERT INTO course2 ( sid , exam , grade ) VALUES ( 1 , 100 , "A" ) 
Disk IOs: 1
Execution Time: 0.074067 s

=================================

INSERT INTO course2 ( sid , exam , grade ) VALUES ( 16 , 25 , "E" ) 
Disk IOs: 2
Execution Time: 0.148083 s

=================================

INSERT INTO course2 ( sid , exam , grade ) VALUES ( 17 , 0 , "A" ) 
Disk IOs: 2
Execution Time: 0.148079 s

=================================

SELECT * FROM course , course2 
-----------------
course.sid course.homework course.project course.exam course.grade course2.sid course2.exam course2.grade 
-----------------
1	99	100	100	A	1	100	A	
1	99	100	100	A	16	25	E	
1	99	100	100	A	17	0	A	
3	100	100	98	C	1	100	A	
3	100	100	98	C	16	25	E	
3	100	100	98	C	17	0	A	
3	100	69	64	C	1	100	A	
3	100	69	64	C	16	25	E	
3	100	69	64	C	17	0	A	
15	100	50	90	E	1	100	A	
15	100	50	90	E	16	25	E	
15	100	50	90	E	17	0	A	
15	100	99	100	E	1	100	A	
15	100	99	100	E	16	25	E	
15	100	99	100	E	17	0	A	
17	100	100	100	A	1	100	A	
17	100	100	100	A	16	25	E	
17	100	100	100	A	17	0	A	
2	100	100	99	B	1	100	A	
2	100	100	99	B	16	25	E	
2	100	100	99	B	17	0	A	
4	100	100	97	D	1	100	A	
4	100	100	97	D	16	25	E	
4	100	100	97	D	17	0	A	
5	100	100	66	A	1	100	A	
5	100	100	66	A	16	25	E	
5	100	100	66	A	17	0	A	
6	100	100	65	B	1	100	A	
6	100	100	65	B	16	25	E	
6	100	100	65	B	17	0	A	
7	100	50	73	C	1	100	A	
7	100	50	73	C	16	25	E	
7	100	50	73	C	17	0	A	
8	50	50	62	C	1	100	A	
8	50	50	62	C	16	25	E	
8	50	50	62	C	17	0	A	
9	50	50	61	D	1	100	A	
9	50	50	61	D	16	25	E	
9	50	50	61	D	17	0	A	
10	50	70	70	C	1	100	A	
10	50	70	70	C	16	25	E	
10	50	70	70	C	17	0	A	
11	50	50	59	D	1	100	A	
11	50	50	59	D	16	25	E	
11	50	50	59	D	17	0	A	
12	0	70	58	C	1	100	A	
12	0	70	58	C	16	25	E	
12	0	70	58	C	17	0	A	
13	0	50	77	C	1	100	A	
13	0	50	77	C	16	25	E	
13	0	50	77	C	17	0	A	
14	50	50	56	D	1	100	A	
14	50	50	56	D	16	25	E	
14	50	50	56	D	17	0	A	
16	0	0	0	E	1	100	A	
16	0	0	0	E	16	25	E	
16	0	0	0	E	17	0	A	
16	0	0	0	E	1	100	A	
16	0	0	0	E	16	25	E	
16	0	0	0	E	17	0	A	
16	0	0	0	E	1	100	A	
16	0	0	0	E	16	25	E	
16	0	0	0	E	17	0	A	
16	0	0	0	E	1	100	A	
16	0	0	0	E	16	25	E	
16	0	0	0	E	17	0	A	
16	0	0	0	E	1	100	A	
16	0	0	0	E	16	25	E	
16	0	0	0	E	17	0	A	
16	0	0	0	E	1	100	A	
16	0	0	0	E	16	25	E	
16	0	0	0	E	17	0	A	
16	0	0	0	E	1	100	A	
16	0	0	0	E	16	25	E	
16	0	0	0	E	17	0	A	
16	0	0	0	E	1	100	A	
16	0	0	0	E	16	25	E	
16	0	0	0	E	17	0	A	
16	0	0	0	E	1	100	A	
16	0	0	0	E	16	25	E	
16	0	0	0	E	17	0	A	
16	0	0	0	E	1	100	A	
16	0	0	0	E	16	25	E	
16	0	0	0	E	17	0	A	
16	0	0	0	E	1	100	A	
16	0	0	0	E	16	25	E	
16	0	0	0	E	17	0	A	
16	0	0	0	E	1	100	A	
16	0	0	0	E	16	25	E	
16	0	0	0	E	17	0	A	
16	0	0	0	E	1	100	A	
16	0	0	0	E	16	25	E	
16	0	0	0	E	17	0	A	
16	0	0	0	E	1	100	A	
16	0	0	0	E	16	25	E	
16	0	0	0	E	17	0	A	
16	0	0	0	E	1	100	A	
16	0	0	0	E	16	25	E	
16	0	0	0	E	17	0	A	
16	0	0	0	E	1	100	A	
16	0	0	0	E	16	25	E	
16	0	0	0	E	17	0	A	
16	0	0	0	E	1	100	A	
16	0	0	0	E	16	25	E	
16	0	0	0	E	17	0	A	
16	0	0	0	E	1	100	A	
16	0	0	0	E	16	25	E	
16	0	0	0	E	17	0	A	
16	0	0	0	E	1	100	A	
16	0	0	0	E	16	25	E	
16	0	0	0	E	17	0	A	
16	0	0	0	E	1	100	A	
16	0	0	0	E	16	25	E	
16	0	0	0	E	17	0	A	
16	0	0	0	E	1	100	A	
16	0	0	0	E	16	25	E	
16	0	0	0	E	17	0	A	
16	0	0	0	E	1	100	A	
16	0	0	0	E	16	25	E	
16	0	0	0	E	17	0	A	
16	0	0	0	E	1	100	A	
16	0	0	0	E	16	25	E	
16	0	0	0	E	17	0	A	
16	0	0	0	E	1	100	A	
16	0	0	0	E	16	25	E	
16	0	0	0	E	17	0	A	
16	0	0	0	E	1	100	A	
16	0	0	0	E	16	25	E	
16	0	0	0	E	17	0	A	
16	0	0	0	E	1	100	A	
16	0	0	0	E	16	25	E	
16	0	0	0	E	17	0	A	
16	0	0	0	E	1	100	A	
16	0	0	0	E	16	25	E	
16	0	0	0	E	17	0	A	
16	0	0	0	E	1	100	A	
16	0	0	0	E	16	25	E	
16	0	0	0	E	17	0	A	
16	0	0	0	E	1	100	A	
16	0	0	0	E	16	25	E	
16	0	0	0	E	17	0	A	
16	0	0	0	E	1	100	A	
16	0	0	0	E	16	25	E	
16	0	0	0	E	17	0	A	
16	0	0	0	E	1	100	A	
16	0	0	0	E	16	25	E	
16	0	0	0	E	17	0	A	
16	0	0	0	E	1	100	A	
16	0	0	0	E	16	25	E	
16	0	0	0	E	17	0	A	
16	0	0	0	E	1	100	A	
16	0	0	0	E	16	25	E	
16	0	0	0	E	17	0	A	
16	0	0	0	E	1	100	A	
16	0	0	0	E	16	25	E	
16	0	0	0	E	17	0	A	
16	0	0	0	E	1	100	A	
16	0	0	0	E	16	25	E	
16	0	0	0	E	17	0	A	
16	0	0	0	E	1	100	A	
16	0	0	0	E	16	25	E	
16	0	0	0	E	17	0	A	
16	0	0	0	E	1	100	A	
16	0	0	0	E	16	25	E	
16	0	0	0	E	17	0	A	
16	0	0	0	E	1	100	A	
16	0	0	0	E	16	25	E	
16	0	0	0	E	17	0	A	
16	0	0	0	E	1	100	A	
16	0	0	0	E	16	25	E	
16	0	0	0	E	17	0	A	
16	0	0	0	E	1	100	A	
16	0	0	0	E	16	25	E	
16	0	0	0	E	17	0	A	
16	0	0	0	E	1	100	A	
16	0	0	0	E	16	25	E	
16	0	0	0	E	17	0	A	
17	100	100	100	A	1	100	A	
17	100	100	100	A	16	25	E	
17	100	100	100	A	17	0	A	
-----------------
Disk IOs: 62
Execution Time: 4.58036 s

=================================

INSERT INTO course2 ( sid , exam , grade ) VALUES ( 2 , 99 , "B" ) 
Disk IOs: 2
Execution Time: 0.1481 s

=================================

INSERT INTO course2 ( sid , exam , grade ) VALUES ( 3 , 98 , "C" ) 
Disk IOs: 2
Execution Time: 0.14811 s

=================================

INSERT INTO course2 ( sid , exam , grade ) VALUES ( 4 , 97 , "D" ) 
Disk IOs: 2
Execution Time: 0.148098 s

=================================

INSERT INTO course2 ( sid , exam , grade ) VALUES ( 5 , 66 , "A" ) 
Disk IOs: 2
Execution Time: 0.148098 s

=================================

INSERT INTO course2 ( sid , exam , grade ) VALUES ( 6 , 65 , "B" ) 
Disk IOs: 2
Execution Time: 0.148105 s

=================================

INSERT INTO course2 ( sid , exam , grade ) VALUES ( 18 , 0 , "A" ) 
Disk IOs: 2
Execution Time: 0.1481 s

=================================

INSERT INTO course2 ( sid , exam , grade ) VALUES ( 18 , 0 , "A" ) 
Disk IOs: 2
Execution Time: 0.148096 s

=================================

INSERT INTO course2 ( sid , exam , grade ) VALUES ( 18 , 0 , "A" ) 
Disk IOs: 2
Execution Time: 0.148127 s

=================================

INSERT INTO course2 ( sid , exam , grade ) VALUES ( 18 , 0 , "A" ) 
Disk IOs: 2
Execution Time: 0.148108 s

=================================

INSERT INTO course2 ( sid , exam , grade ) VALUES ( 18 , 0 , "A" ) 
Disk IOs: 2
Execution Time: 0.148087 s

=================================

INSERT INTO course2 ( sid , exam , grade ) VALUES ( 18 , 0 , "A" ) 
Disk IOs: 2
Execution Time: 0.148102 s

=================================

INSERT INTO course2 ( sid , exam , grade ) VALUES ( 18 , 0 , "A" ) 
Disk IOs: 2
Execution Time: 0.1481 s

=================================

INSERT INTO course2 ( sid , exam , grade ) VALUES ( 18 , 0 , "A" ) 
Disk IOs: 2
Execution Time: 0.148107 s

=================================

INSERT INTO course2 ( sid , exam , grade ) VALUES ( 18 , 0 , "A" ) 
Disk IOs: 2
Execution Time: 0.14808 s

=================================

INSERT INTO course2 ( sid , exam , grade ) VALUES ( 18 , 0 , "A" ) 
Disk IOs: 2
Execution Time: 0.14808 s

=================================

INSERT INTO course2 ( sid , exam , grade ) VALUES ( 18 , 0 , "A" ) 
Disk IOs: 2
Execution Time: 0.148095 s

=================================

INSERT INTO course2 ( sid , exam , grade ) VALUES ( 18 , 0 , "A" ) 
Disk IOs: 2
Execution Time: 0.148082 s

=================================

INSERT INTO course2 ( sid , exam , grade ) VALUES ( 18 , 0 , "A" ) 
Disk IOs: 2
Execution Time: 0.148084 s

=================================

INSERT INTO course2 ( sid , exam , grade ) VALUES ( 18 , 0 , "A" ) 
Disk IOs: 2
Execution Time: 0.148092 s

=================================

INSERT INTO course2 ( sid , exam , grade ) VALUES ( 18 , 0 , "A" ) 
Disk IOs: 2
Execution Time: 0.148083 s

=================================

INSERT INTO course2 ( sid , exam , grade ) VALUES ( 18 , 0 , "A" ) 
Disk IOs: 2
Execution Time: 0.148102 s

=================================

SELECT course.sid , course.grade , course2.grade FROM course , course2 WHERE course.sid = course2.sid 
-----------------
course.sid course.grade course2.grade 
-----------------
1	A	A	
2	B	B	
3	C	C	
3	C	C	
4	D	D	
5	A	A	
6	B	B	
16	E	E	
16	E	E	
16	E	E	
16	E	E	
16	E	E	
16	E	E	
16	E	E	
16	E	E	
16	E	E	
16	E	E	
16	E	E	
16	E	E	
16	E	E	
16	E	E	
16	E	E	
16	E	E	
16	E	E	
16	E	E	
16	E	E	
16	E	E	
16	E	E	
16	E	E	
16	E	E	
16	E	E	
16	E	E	
16	E	E	
16	E	E	
16	E	E	
16	E	E	
16	E	E	
16	E	E	
16	E	E	
16	E	E	
16	E	E	
16	E	E	
16	E	E	
16	E	E	
16	E	E	
16	E	E	
16	E	E	
16	E	E	
17	A	A	
17	A	A	
-----------------
Disk IOs: 210
Execution Time: 14.2724 s

=================================

SELECT DISTINCT course.grade , course2.grade FROM course , course2 WHERE course.sid = course2.sid 
-----------------
course.grade course2.grade 
-----------------
A	A	
B	B	
C	C	
D	D	
E	E	
-----------------
Disk IOs: 262
Execution Time: 17.9036 s

=================================

SELECT * FROM course , course2 WHERE course.sid = course2.sid ORDER BY course.exam 
-----------------
course.sid course.homework course.project course.exam course.grade course2.sid course2.exam course2.grade 
-----------------
16	0	0	0	E	16	25	E	
16	0	0	0	E	16	25	E	
16	0	0	0	E	16	25	E	
16	0	0	0	E	16	25	E	
16	0	0	0	E	16	25	E	
16	0	0	0	E	16	25	E	
16	0	0	0	E	16	25	E	
16	0	0	0	E	16	25	E	
16	0	0	0	E	16	25	E	
16	0	0	0	E	16	25	E	
16	0	0	0	E	16	25	E	
16	0	0	0	E	16	25	E	
16	0	0	0	E	16	25	E	
16	0	0	0	E	16	25	E	
16	0	0	0	E	16	25	E	
16	0	0	0	E	16	25	E	
16	0	0	0	E	16	25	E	
16	0	0	0	E	16	25	E	
16	0	0	0	E	16	25	E	
16	0	0	0	E	16	25	E	
16	0	0	0	E	16	25	E	
16	0	0	0	E	16	25	E	
16	0	0	0	E	16	25	E	
16	0	0	0	E	16	25	E	
16	0	0	0	E	16	25	E	
16	0	0	0	E	16	25	E	
16	0	0	0	E	16	25	E	
16	0	0	0	E	16	25	E	
16	0	0	0	E	16	25	E	
16	0	0	0	E	16	25	E	
16	0	0	0	E	16	25	E	
16	0	0	0	E	16	25	E	
16	0	0	0	E	16	25	E	
16	0	0	0	E	16	25	E	
16	0	0	0	E	16	25	E	
16	0	0	0	E	16	25	E	
16	0	0	0	E	16	25	E	
16	0	0	0	E	16	25	E	
16	0	0	0	E	16	25	E	
16	0	0	0	E	16	25	E	
16	0	0	0	E	16	25	E	
3	100	69	64	C	3	98	C	
6	100	100	65	B	6	65	B	
5	100	100	66	A	5	66	A	
4	100	100	97	D	4	97	D	
3	100	100	98	C	3	98	C	
2	100	100	99	B	2	99	B	
17	100	100	100	A	17	0	A	
17	100	100	100	A	17	0	A	
1	99	100	100	A	1	100	A	
-----------------
Disk IOs: 410
Execution Time: 28.1795 s

=================================

SELECT * FROM course , course2 WHERE course.sid = course2.sid AND course.exam = 100 AND course2.exam = 100 
-----------------
course2.sid course2.exam course2.grade course.sid course.homework course.project course.exam course.grade 
-----------------
1	100	A	1	99	100	100	A	
-----------------
Disk IOs: 82
Execution Time: 6.07066 s

=================================

SELECT * FROM course , course2 WHERE course.sid = course2.sid AND [ course.exam = 100 OR course2.exam = 100 ] 
-----------------
course.sid course.homework course.project course.exam course.grade course2.sid course2.exam course2.grade 
-----------------
17	100	100	100	A	17	0	A	
17	100	100	100	A	17	0	A	
1	99	100	100	A	1	100	A	
-----------------
Disk IOs: 310
Execution Time: 21.6768 s

=================================

SELECT * FROM course , course2 WHERE course.sid = course2.sid AND course.exam > course2.exam 
-----------------
course.sid course.homework course.project course.exam course.grade course2.sid course2.exam course2.grade 
-----------------
17	100	100	100	A	17	0	A	
17	100	100	100	A	17	0	A	
-----------------
Disk IOs: 310
Execution Time: 21.6766 s

=================================

SELECT * FROM course , course2 WHERE course.sid = course2.sid AND course.exam > course2.exam AND course.homework = 100 
-----------------
course.sid course.homework course.project course.exam course.grade course2.sid course2.exam course2.grade 
-----------------
17	100	100	100	A	17	0	A	
17	100	100	100	A	17	0	A	
-----------------
Disk IOs: 150
Execution Time: 10.7267 s

=================================

SELECT * FROM course , course2 WHERE course.sid = course2.sid AND [ course.exam > course2.exam OR course.homework = 100 ] 
-----------------
course.sid course.homework course.project course.exam course.grade course2.sid course2.exam course2.grade 
-----------------
17	100	100	100	A	17	0	A	
17	100	100	100	A	17	0	A	
6	100	100	65	B	6	65	B	
5	100	100	66	A	5	66	A	
4	100	100	97	D	4	97	D	
3	100	69	64	C	3	98	C	
3	100	100	98	C	3	98	C	
2	100	100	99	B	2	99	B	
-----------------
Disk IOs: 310
Execution Time: 21.6771 s

=================================

SELECT DISTINCT course.grade , course2.grade FROM course , course2 WHERE course.sid = course2.sid AND [ course.exam > course2.exam OR course.grade = "A" AND course2.grade = "A" ] ORDER BY course.exam 
-----------------
course.grade course2.grade 
-----------------
A	A	
-----------------
Disk IOs: 320
Execution Time: 22.3897 s

=================================

DROP TABLE course 
Disk IOs: 0
Execution Time: 1.2e-05 s

=================================

DROP TABLE course2 
Disk IOs: 0
Execution Time: 8e-06 s

=================================

CREATE TABLE r ( a INT , b INT ) 
Disk IOs: 0
Execution Time: 1.9e-05 s

=================================

CREATE TABLE s ( b INT , c INT ) 
Disk IOs: 0
Execution Time: 1.3e-05 s

=================================

CREATE TABLE t ( a INT , c INT ) 
Disk IOs: 0
Execution Time: 1.2e-05 s

=================================

INSERT INTO r ( a , b ) VALUES ( 0 , 0 ) 
Disk IOs: 1
Execution Time: 0.074037 s

=================================

INSERT INTO r ( a , b ) VALUES ( 1 , 1 ) 
Disk IOs: 2
Execution Time: 0.148082 s

=================================

INSERT INTO r ( a , b ) VALUES ( 1 , 1 ) 
Disk IOs: 2
Execution Time: 0.1481 s

=================================

INSERT INTO r ( a , b ) VALUES ( 2 , 2 ) 
Disk IOs: 2
Execution Time: 0.148097 s

=================================

INSERT INTO r ( a , b ) VALUES ( 3 , 3 ) 
Disk IOs: 2
Execution Time: 0.148082 s

=================================

INSERT INTO r ( a , b ) VALUES ( 0 , 0 ) 
Disk IOs: 2
Execution Time: 0.148068 s

=================================

INSERT INTO r ( a , b ) VALUES ( 1 , 1 ) 
Disk IOs: 2
Execution Time: 0.148062 s

=================================

INSERT INTO r ( a , b ) VALUES ( 2 , 2 ) 
Disk IOs: 2
Execution Time: 0.148054 s

=================================

INSERT INTO r ( a , b ) VALUES ( 100 , 100 ) 
Disk IOs: 2
Execution Time: 0.148087 s

=================================

INSERT INTO r ( a , b ) VALUES ( 100 , 100 ) 
Disk IOs: 2
Execution Time: 0.148082 s

=================================

INSERT INTO r ( a , b ) VALUES ( 100 , 100 ) 
Disk IOs: 2
Execution Time: 0.148055 s

=================================

INSERT INTO r ( a , b ) VALUES ( 100 , 100 ) 
Disk IOs: 2
Execution Time: 0.148043 s

=================================

INSERT INTO r ( a , b ) VALUES ( 100 , 100 ) 
Disk IOs: 2
Execution Time: 0.148068 s

=================================

INSERT INTO r ( a , b ) VALUES ( 100 , 100 ) 
Disk IOs: 2
Execution Time: 0.148088 s

=================================

INSERT INTO r ( a , b ) VALUES ( 100 , 100 ) 
Disk IOs: 2
Execution Time: 0.148087 s

=================================

INSERT INTO r ( a , b ) VALUES ( 100 , 100 ) 
Disk IOs: 2
Execution Time: 0.148103 s

=================================

INSERT INTO r ( a , b ) VALUES ( 100 , 100 ) 
Disk IOs: 2
Execution Time: 0.148096 s

=================================

INSERT INTO r ( a , b ) VALUES ( 100 , 100 ) 
Disk IOs: 2
Execution Time: 0.148056 s

=================================

INSERT INTO r ( a , b ) VALUES ( 100 , 100 ) 
Disk IOs: 2
Execution Time: 0.148116 s

=================================

INSERT INTO r ( a , b ) VALUES ( 100 , 100 ) 
Disk IOs: 2
Execution Time: 0.148092 s

=================================

INSERT INTO r ( a , b ) VALUES ( 100 , 100 ) 
Disk IOs: 2
Execution Time: 0.148053 s

=================================

INSERT INTO r ( a , b ) VALUES ( 100 , 100 ) 
Disk IOs: 2
Execution Time: 0.148067 s

=================================

INSERT INTO r ( a , b ) VALUES ( 100 , 100 ) 
Disk IOs: 2
Execution Time: 0.148097 s

=================================

INSERT INTO r ( a , b ) VALUES ( 100 , 100 ) 
Disk IOs: 2
Execution Time: 0.148065 s

=================================

INSERT INTO r ( a , b ) VALUES ( 100 , 100 ) 
Disk IOs: 2
Execution Time: 0.148047 s

=================================

INSERT INTO r ( a , b ) VALUES ( 100 , 100 ) 
Disk IOs: 2
Execution Time: 0.148082 s

=================================

INSERT INTO r ( a , b ) VALUES ( 100 , 100 ) 
Disk IOs: 2
Execution Time: 0.148095 s

=================================

INSERT INTO r ( a , b ) VALUES ( 100 , 100 ) 
Disk IOs: 2
Execution Time: 0.148095 s

=================================

INSERT INTO r ( a , b ) VALUES ( 100 , 100 ) 
Disk IOs: 2
Execution Time: 0.148083 s

=================================

INSERT INTO r ( a , b ) VALUES ( 100 , 100 ) 
Disk IOs: 2
Execution Time: 0.148102 s

=================================

INSERT INTO r ( a , b ) VALUES ( 100 , 100 ) 
Disk IOs: 2
Execution Time: 0.14808 s

=================================

INSERT INTO r ( a , b ) VALUES ( 100 , 100 ) 
Disk IOs: 2
Execution Time: 0.148053 s

=================================

INSERT INTO r ( a , b ) VALUES ( 100 , 100 ) 
Disk IOs: 2
Execution Time: 0.148077 s

=================================

INSERT INTO r ( a , b ) VALUES ( 100 , 100 ) 
Disk IOs: 2
Execution Time: 0.148096 s

=================================

INSERT INTO r ( a , b ) VALUES ( 100 , 100 ) 
Disk IOs: 2
Execution Time: 0.148101 s

=================================

INSERT INTO r ( a , b ) VALUES ( 100 , 100 ) 
Disk IOs: 2
Execution Time: 0.148086 s

=================================

INSERT INTO r ( a , b ) VALUES ( 100 , 100 ) 
Disk IOs: 2
Execution Time: 0.148087 s

=================================

INSERT INTO r ( a , b ) VALUES ( 100 , 100 ) 
Disk IOs: 2
Execution Time: 0.148103 s

=================================

INSERT INTO r ( a , b ) VALUES ( 100 , 100 ) 
Disk IOs: 2
Execution Time: 0.148092 s

=================================

INSERT INTO r ( a , b ) VALUES ( 100 , 100 ) 
Disk IOs: 2
Execution Time: 0.148111 s

=================================

INSERT INTO r ( a , b ) VALUES ( 100 , 100 ) 
Disk IOs: 2
Execution Time: 0.148102 s

=================================

INSERT INTO s ( b , c ) VALUES ( 0 , 0 ) 
Disk IOs: 1
Execution Time: 0.074078 s

=================================

INSERT INTO s ( b , c ) VALUES ( 2 , 2 ) 
Disk IOs: 2
Execution Time: 0.148103 s

=================================

INSERT INTO s ( b , c ) VALUES ( 3 , 3 ) 
Disk IOs: 2
Execution Time: 0.148106 s

=================================

INSERT INTO s ( b , c ) VALUES ( 0 , 0 ) 
Disk IOs: 2
Execution Time: 0.14814 s

=================================

INSERT INTO s ( b , c ) VALUES ( 0 , 0 ) 
Disk IOs: 2
Execution Time: 0.148098 s

=================================

INSERT INTO s ( b , c ) VALUES ( 1 , 1 ) 
Disk IOs: 2
Execution Time: 0.148106 s

=================================

INSERT INTO s ( b , c ) VALUES ( 1 , 1 ) 
Disk IOs: 2
Execution Time: 0.148097 s

=================================

INSERT INTO s ( b , c ) VALUES ( 2 , 2 ) 
Disk IOs: 2
Execution Time: 0.148099 s

=================================

INSERT INTO s ( b , c ) VALUES ( 2 , 2 ) 
Disk IOs: 2
Execution Time: 0.148092 s

=================================

INSERT INTO s ( b , c ) VALUES ( 3 , 3 ) 
Disk IOs: 2
Execution Time: 0.148072 s

=================================

INSERT INTO s ( b , c ) VALUES ( 3 , 3 ) 
Disk IOs: 2
Execution Time: 0.14809 s

=================================

INSERT INTO s ( b , c ) VALUES ( 3 , 3 ) 
Disk IOs: 2
Execution Time: 0.148092 s

=================================

INSERT INTO s ( b , c ) VALUES ( 101 , 101 ) 
Disk IOs: 2
Execution Time: 0.148093 s

=================================

INSERT INTO s ( b , c ) VALUES ( 101 , 101 ) 
Disk IOs: 2
Execution Time: 0.148082 s

=================================

INSERT INTO s ( b , c ) VALUES ( 101 , 101 ) 
Disk IOs: 2
Execution Time: 0.148079 s

=================================

INSERT INTO s ( b , c ) VALUES ( 101 , 101 ) 
Disk IOs: 2
Execution Time: 0.148095 s

=================================

INSERT INTO s ( b , c ) VALUES ( 101 , 101 ) 
Disk IOs: 2
Execution Time: 0.148103 s

=================================

INSERT INTO s ( b , c ) VALUES ( 101 , 101 ) 
Disk IOs: 2
Execution Time: 0.148084 s

=================================

INSERT INTO s ( b , c ) VALUES ( 101 , 101 ) 
Disk IOs: 2
Execution Time: 0.148063 s

=================================

INSERT INTO s ( b , c ) VALUES ( 101 , 101 ) 
Disk IOs: 2
Execution Time: 0.148074 s

=================================

INSERT INTO s ( b , c ) VALUES ( 101 , 101 ) 
Disk IOs: 2
Execution Time: 0.148072 s

=================================

INSERT INTO s ( b , c ) VALUES ( 101 , 101 ) 
Disk IOs: 2
Execution Time: 0.148072 s

=================================

INSERT INTO s ( b , c ) VALUES ( 101 , 101 ) 
Disk IOs: 2
Execution Time: 0.148083 s

=================================

INSERT INTO s ( b , c ) VALUES ( 101 , 101 ) 
Disk IOs: 2
Execution Time: 0.148079 s

=================================

INSERT INTO s ( b , c ) VALUES ( 101 , 101 ) 
Disk IOs: 2
Execution Time: 0.148057 s

=================================

INSERT INTO s ( b , c ) VALUES ( 101 , 101 ) 
Disk IOs: 2
Execution Time: 0.148071 s

=================================

INSERT INTO s ( b , c ) VALUES ( 101 , 101 ) 
Disk IOs: 2
Execution Time: 0.148089 s

=================================

INSERT INTO s ( b , c ) VALUES ( 101 , 101 ) 
Disk IOs: 2
Execution Time: 0.148096 s

=================================

INSERT INTO s ( b , c ) VALUES ( 101 , 101 ) 
Disk IOs: 2
Execution Time: 0.148098 s

=================================

INSERT INTO s ( b , c ) VALUES ( 101 , 101 ) 
Disk IOs: 2
Execution Time: 0.148095 s

=================================

INSERT INTO s ( b , c ) VALUES ( 101 , 101 ) 
Disk IOs: 2
Execution Time: 0.148085 s

=================================

INSERT INTO s ( b , c ) VALUES ( 101 , 101 ) 
Disk IOs: 2
Execution Time: 0.148065 s

=================================

INSERT INTO s ( b , c ) VALUES ( 101 , 101 ) 
Disk IOs: 2
Execution Time: 0.148087 s

=================================

INSERT INTO s ( b , c ) VALUES ( 101 , 101 ) 
Disk IOs: 2
Execution Time: 0.14808 s

=================================

INSERT INTO s ( b , c ) VALUES ( 101 , 101 ) 
Disk IOs: 2
Execution Time: 0.148057 s

=================================

INSERT INTO s ( b , c ) VALUES ( 101 , 101 ) 
Disk IOs: 2
Execution Time: 0.148095 s

=================================

INSERT INTO s ( b , c ) VALUES ( 101 , 101 ) 
Disk IOs: 2
Execution Time: 0.148084 s

=================================

INSERT INTO s ( b , c ) VALUES ( 101 , 101 ) 
Disk IOs: 2
Execution Time: 0.14808 s

=================================

INSERT INTO s ( b , c ) VALUES ( 101 , 101 ) 
Disk IOs: 2
Execution Time: 0.148093 s

=================================

INSERT INTO s ( b , c ) VALUES ( 101 , 101 ) 
Disk IOs: 2
Execution Time: 0.148115 s

=================================

INSERT INTO s ( b , c ) VALUES ( 101 , 101 ) 
Disk IOs: 2
Execution Time: 0.148093 s

=================================

INSERT INTO t ( a , c ) VALUES ( 0 , 0 ) 
Disk IOs: 1
Execution Time: 0.074075 s

=================================

INSERT INTO t ( a , c ) VALUES ( 1 , 1 ) 
Disk IOs: 2
Execution Time: 0.148092 s

=================================

INSERT INTO t ( a , c ) VALUES ( 2 , 2 ) 
Disk IOs: 2
Execution Time: 0.148103 s

=================================

INSERT INTO t ( a , c ) VALUES ( 0 , 0 ) 
Disk IOs: 2
Execution Time: 0.14809 s

=================================

INSERT INTO t ( a , c ) VALUES ( 1 , 1 ) 
Disk IOs: 2
Execution Time: 0.148083 s

=================================

INSERT INTO t ( a , c ) VALUES ( 1 , 1 ) 
Disk IOs: 2
Execution Time: 0.148081 s

=================================

INSERT INTO t ( a , c ) VALUES ( 2 , 2 ) 
Disk IOs: 2
Execution Time: 0.148096 s

=================================

INSERT INTO t ( a , c ) VALUES ( 3 , 3 ) 
Disk IOs: 2
Execution Time: 0.148097 s

=================================

INSERT INTO t ( a , c ) VALUES ( 102 , 102 ) 
Disk IOs: 2
Execution Time: 0.148101 s

=================================

INSERT INTO t ( a , c ) VALUES ( 102 , 102 ) 
Disk IOs: 2
Execution Time: 0.148103 s

=================================

INSERT INTO t ( a , c ) VALUES ( 102 , 102 ) 
Disk IOs: 2
Execution Time: 0.148092 s

=================================

INSERT INTO t ( a , c ) VALUES ( 102 , 102 ) 
Disk IOs: 2
Execution Time: 0.148091 s

=================================

INSERT INTO t ( a , c ) VALUES ( 102 , 102 ) 
Disk IOs: 2
Execution Time: 0.148079 s

=================================

INSERT INTO t ( a , c ) VALUES ( 102 , 102 ) 
Disk IOs: 2
Execution Time: 0.148084 s

=================================

INSERT INTO t ( a , c ) VALUES ( 102 , 102 ) 
Disk IOs: 2
Execution Time: 0.148101 s

=================================

INSERT INTO t ( a , c ) VALUES ( 102 , 102 ) 
Disk IOs: 2
Execution Time: 0.14811 s

=================================

INSERT INTO t ( a , c ) VALUES ( 102 , 102 ) 
Disk IOs: 2
Execution Time: 0.148091 s

=================================

INSERT INTO t ( a , c ) VALUES ( 102 , 102 ) 
Disk IOs: 2
Execution Time: 0.14808 s

=================================

INSERT INTO t ( a , c ) VALUES ( 102 , 102 ) 
Disk IOs: 2
Execution Time: 0.148069 s

=================================

INSERT INTO t ( a , c ) VALUES ( 102 , 102 ) 
Disk IOs: 2
Execution Time: 0.148087 s

=================================

INSERT INTO t ( a , c ) VALUES ( 102 , 102 ) 
Disk IOs: 2
Execution Time: 0.148075 s

=================================

INSERT INTO t ( a , c ) VALUES ( 102 , 102 ) 
Disk IOs: 2
Execution Time: 0.14807 s

=================================

INSERT INTO t ( a , c ) VALUES ( 102 , 102 ) 
Disk IOs: 2
Execution Time: 0.148069 s

=================================

INSERT INTO t ( a , c ) VALUES ( 102 , 102 ) 
Disk IOs: 2
Execution Time: 0.148088 s

=================================

INSERT INTO t ( a , c ) VALUES ( 102 , 102 ) 
Disk IOs: 2
Execution Time: 0.148086 s

=================================

INSERT INTO t ( a , c ) VALUES ( 102 , 102 ) 
Disk IOs: 2
Execution Time: 0.148047 s

=================================

INSERT INTO t ( a , c ) VALUES ( 102 , 102 ) 
Disk IOs: 2
Execution Time: 0.148072 s

=================================

INSERT INTO t ( a , c ) VALUES ( 102 , 102 ) 
Disk IOs: 2
Execution Time: 0.148091 s

=================================

INSERT INTO t ( a , c ) VALUES ( 102 , 102 ) 
Disk IOs: 2
Execution Time: 0.148087 s

=================================

INSERT INTO t ( a , c ) VALUES ( 102 , 102 ) 
Disk IOs: 2
Execution Time: 0.148067 s

=================================

INSERT INTO t ( a , c ) VALUES ( 102 , 102 ) 
Disk IOs: 2
Execution Time: 0.148085 s

=================================

INSERT INTO t ( a , c ) VALUES ( 102 , 102 ) 
Disk IOs: 2
Execution Time: 0.148078 s

=================================

INSERT INTO t ( a , c ) VALUES ( 102 , 102 ) 
Disk IOs: 2
Execution Time: 0.148081 s

=================================

INSERT INTO t ( a , c ) VALUES ( 102 , 102 ) 
Disk IOs: 2
Execution Time: 0.148074 s

=================================

INSERT INTO t ( a , c ) VALUES ( 102 , 102 ) 
Disk IOs: 2
Execution Time: 0.148079 s

=================================

INSERT INTO t ( a , c ) VALUES ( 102 , 102 ) 
Disk IOs: 2
Execution Time: 0.14808 s

=================================

INSERT INTO t ( a , c ) VALUES ( 102 , 102 ) 
Disk IOs: 2
Execution Time: 0.148079 s

=================================

INSERT INTO t ( a , c ) VALUES ( 102 , 102 ) 
Disk IOs: 2
Execution Time: 0.148089 s

=================================

INSERT INTO t ( a , c ) VALUES ( 102 , 102 ) 
Disk IOs: 2
Execution Time: 0.148052 s

=================================

INSERT INTO t ( a , c ) VALUES ( 102 , 102 ) 
Disk IOs: 2
Execution Time: 0.148061 s

=================================

INSERT INTO t ( a , c ) VALUES ( 102 , 102 ) 
Disk IOs: 2
Execution Time: 0.148097 s

=================================

SELECT * FROM r , s , t WHERE r.a = t.a AND r.b = s.b AND s.c = t.c 
-----------------
r.a r.b s.b s.c t.a t.c 
-----------------
0	0	0	0	0	0	
0	0	0	0	0	0	
0	0	0	0	0	0	
0	0	0	0	0	0	
0	0	0	0	0	0	
0	0	0	0	0	0	
0	0	0	0	0	0	
0	0	0	0	0	0	
0	0	0	0	0	0	
0	0	0	0	0	0	
0	0	0	0	0	0	
0	0	0	0	0	0	
1	1	1	1	1	1	
1	1	1	1	1	1	
1	1	1	1	1	1	
1	1	1	1	1	1	
1	1	1	1	1	1	
1	1	1	1	1	1	
1	1	1	1	1	1	
1	1	1	1	1	1	
1	1	1	1	1	1	
1	1	1	1	1	1	
1	1	1	1	1	1	
1	1	1	1	1	1	
1	1	1	1	1	1	
1	1	1	1	1	1	
1	1	1	1	1	1	
1	1	1	1	1	1	
1	1	1	1	1	1	
1	1	1	1	1	1	
2	2	2	2	2	2	
2	2	2	2	2	2	
2	2	2	2	2	2	
2	2	2	2	2	2	
2	2	2	2	2	2	
2	2	2	2	2	2	
2	2	2	2	2	2	
2	2	2	2	2	2	
2	2	2	2	2	2	
2	2	2	2	2	2	
2	2	2	2	2	2	
2	2	2	2	2	2	
3	3	3	3	3	3	
3	3	3	3	3	3	
3	3	3	3	3	3	
3	3	3	3	3	3	
-----------------
Disk IOs: 261
Execution Time: 18.6085 s

=================================

DROP TABLE r 
Disk IOs: 0
Execution Time: 1e-05 s

=================================

DROP TABLE s 
Disk IOs: 0
Execution Time: 6e-06 s

=================================

DROP TABLE t 
Disk IOs: 0
Execution Time: 5e-06 s

=================================

CREATE TABLE t1 ( c INT ) 
Disk IOs: 0
Execution Time: 1.3e-05 s

=================================

CREATE TABLE t2 ( c INT ) 
Disk IOs: 0
Execution Time: 1e-05 s

=================================

CREATE TABLE t3 ( c INT ) 
Disk IOs: 0
Execution Time: 9e-06 s

=================================

CREATE TABLE t4 ( c INT ) 
Disk IOs: 0
Execution Time: 1e-05 s

=================================

CREATE TABLE t5 ( c INT ) 
Disk IOs: 0
Execution Time: 9e-06 s

=================================

CREATE TABLE t6 ( c INT ) 
Disk IOs: 0
Execution Time: 1e-05 s

=================================

INSERT INTO t1 ( c ) VALUES ( 0 ) 
Disk IOs: 1
Execution Time: 0.074054 s

=================================

INSERT INTO t1 ( c ) VALUES ( 1 ) 
Disk IOs: 2
Execution Time: 0.148093 s

=================================

INSERT INTO t1 ( c ) VALUES ( 2 ) 
Disk IOs: 2
Execution Time: 0.148106 s

=================================

INSERT INTO t1 ( c ) VALUES ( 3 ) 
Disk IOs: 2
Execution Time: 0.148089 s

=================================

INSERT INTO t1 ( c ) VALUES ( 4 ) 
Disk IOs: 2
Execution Time: 0.148092 s

=================================

INSERT INTO t2 ( c ) VALUES ( 0 ) 
Disk IOs: 1
Execution Time: 0.074066 s

=================================

INSERT INTO t2 ( c ) VALUES ( 1 ) 
Disk IOs: 2
Execution Time: 0.148091 s

=================================

INSERT INTO t2 ( c ) VALUES ( 2 ) 
Disk IOs: 2
Execution Time: 0.14809 s

=================================

INSERT INTO t2 ( c ) VALUES ( 3 ) 
Disk IOs: 2
Execution Time: 0.148087 s

=================================

INSERT INTO t3 ( c ) VALUES ( 0 ) 
Disk IOs: 1
Execution Time: 0.074068 s

=================================

INSERT INTO t3 ( c ) VALUES ( 1 ) 
Disk IOs: 2
Execution Time: 0.148081 s

=================================

INSERT INTO t3 ( c ) VALUES ( 2 ) 
Disk IOs: 2
Execution Time: 0.148082 s

=================================

INSERT INTO t3 ( c ) VALUES ( 3 ) 
Disk IOs: 2
Execution Time: 0.148096 s

=================================

INSERT INTO t4 ( c ) VALUES ( 0 ) 
Disk IOs: 1
Execution Time: 0.074076 s

=================================

INSERT INTO t4 ( c ) VALUES ( 1 ) 
Disk IOs: 2
Execution Time: 0.148101 s

=================================

INSERT INTO t5 ( c ) VALUES ( 0 ) 
Disk IOs: 1
Execution Time: 0.074079 s

=================================

INSERT INTO t5 ( c ) VALUES ( 0 ) 
Disk IOs: 2
Execution Time: 0.1481 s

=================================

INSERT INTO t6 ( c ) VALUES ( 0 ) 
Disk IOs: 1
Execution Time: 0.074096 s

=================================

SELECT * FROM t1 , t2 , t3 , t4 , t5 , t6 
-----------------
t1.c t2.c t3.c t4.c t6.c t5.c 
-----------------
4	0	3	0	0	0	
4	0	3	0	0	0	
3	0	3	0	0	0	
3	0	3	0	0	0	
2	0	3	0	0	0	
2	0	3	0	0	0	
1	0	3	0	0	0	
1	0	3	0	0	0	
0	0	3	0	0	0	
0	0	3	0	0	0	
4	1	3	0	0	0	
4	1	3	0	0	0	
3	1	3	0	0	0	
3	1	3	0	0	0	
2	1	3	0	0	0	
2	1	3	0	0	0	
1	1	3	0	0	0	
1	1	3	0	0	0	
0	1	3	0	0	0	
0	1	3	0	0	0	
4	2	3	0	0	0	
4	2	3	0	0	0	
3	2	3	0	0	0	
3	2	3	0	0	0	
2	2	3	0	0	0	
2	2	3	0	0	0	
1	2	3	0	0	0	
1	2	3	0	0	0	
0	2	3	0	0	0	
0	2	3	0	0	0	
4	3	3	0	0	0	
4	3	3	0	0	0	
3	3	3	0	0	0	
3	3	3	0	0	0	
2	3	3	0	0	0	
2	3	3	0	0	0	
1	3	3	0	0	0	
1	3	3	0	0	0	
0	3	3	0	0	0	
0	3	3	0	0	0	
4	0	2	0	0	0	
4	0	2	0	0	0	
3	0	2	0	0	0	
3	0	2	0	0	0	
2	0	2	0	0	0	
2	0	2	0	0	0	
1	0	2	0	0	0	
1	0	2	0	0	0	
0	0	2	0	0	0	
0	0	2	0	0	0	
4	1	2	0	0	0	
4	1	2	0	0	0	
3	1	2	0	0	0	
3	1	2	0	0	0	
2	1	2	0	0	0	
2	1	2	0	0	0	
1	1	2	0	0	0	
1	1	2	0	0	0	
0	1	2	0	0	0	
0	1	2	0	0	0	
4	2	2	0	0	0	
4	2	2	0	0	0	
3	2	2	0	0	0	
3	2	2	0	0	0	
2	2	2	0	0	0	
2	2	2	0	0	0	
1	2	2	0	0	0	
1	2	2	0	0	0	
0	2	2	0	0	0	
0	2	2	0	0	0	
4	3	2	0	0	0	
4	3	2	0	0	0	
3	3	2	0	0	0	
3	3	2	0	0	0	
2	3	2	0	0	0	
2	3	2	0	0	0	
1	3	2	0	0	0	
1	3	2	0	0	0	
0	3	2	0	0	0	
0	3	2	0	0	0	
4	0	1	0	0	0	
4	0	1	0	0	0	
3	0	1	0	0	0	
3	0	1	0	0	0	
2	0	1	0	0	0	
2	0	1	0	0	0	
1	0	1	0	0	0	
1	0	1	0	0	0	
0	0	1	0	0	0	
0	0	1	0	0	0	
4	1	1	0	0	0	
4	1	1	0	0	0	
3	1	1	0	0	0	
3	1	1	0	0	0	
2	1	1	0	0	0	
2	1	1	0	0	0	
1	1	1	0	0	0	
1	1	1	0	0	0	
0	1	1	0	0	0	
0	1	1	0	0	0	
4	2	1	0	0	0	
4	2	1	0	0	0	
3	2	1	0	0	0	
3	2	1	0	0	0	
2	2	1	0	0	0	
2	2	1	0	0	0	
1	2	1	0	0	0	
1	2	1	0	0	0	
0	2	1	0	0	0	
0	2	1	0	0	0	
4	3	1	0	0	0	
4	3	1	0	0	0	
3	3	1	0	0	0	
3	3	1	0	0	0	
2	3	1	0	0	0	
2	3	1	0	0	0	
1	3	1	0	0	0	
1	3	1	0	0	0	
0	3	1	0	0	0	
0	3	1	0	0	0	
4	0	0	0	0	0	
4	0	0	0	0	0	
3	0	0	0	0	0	
3	0	0	0	0	0	
2	0	0	0	0	0	
2	0	0	0	0	0	
1	0	0	0	0	0	
1	0	0	0	0	0	
0	0	0	0	0	0	
0	0	0	0	0	0	
4	1	0	0	0	0	
4	1	0	0	0	0	
3	1	0	0	0	0	
3	1	0	0	0	0	
2	1	0	0	0	0	
2	1	0	0	0	0	
1	1	0	0	0	0	
1	1	0	0	0	0	
0	1	0	0	0	0	
0	1	0	0	0	0	
4	2	0	0	0	0	
4	2	0	0	0	0	
3	2	0	0	0	0	
3	2	0	0	0	0	
2	2	0	0	0	0	
2	2	0	0	0	0	
1	2	0	0	0	0	
1	2	0	0	0	0	
0	2	0	0	0	0	
0	2	0	0	0	0	
4	3	0	0	0	0	
4	3	0	0	0	0	
3	3	0	0	0	0	
3	3	0	0	0	0	
2	3	0	0	0	0	
2	3	0	0	0	0	
1	3	0	0	0	0	
1	3	0	0	0	0	
0	3	0	0	0	0	
0	3	0	0	0	0	
4	0	3	1	0	0	
4	0	3	1	0	0	
3	0	3	1	0	0	
3	0	3	1	0	0	
2	0	3	1	0	0	
2	0	3	1	0	0	
1	0	3	1	0	0	
1	0	3	1	0	0	
0	0	3	1	0	0	
0	0	3	1	0	0	
4	1	3	1	0	0	
4	1	3	1	0	0	
3	1	3	1	0	0	
3	1	3	1	0	0	
2	1	3	1	0	0	
2	1	3	1	0	0	
1	1	3	1	0	0	
1	1	3	1	0	0	
0	1	3	1	0	0	
0	1	3	1	0	0	
4	2	3	1	0	0	
4	2	3	1	0	0	
3	2	3	1	0	0	
3	2	3	1	0	0	
2	2	3	1	0	0	
2	2	3	1	0	0	
1	2	3	1	0	0	
1	2	3	1	0	0	
0	2	3	1	0	0	
0	2	3	1	0	0	
4	3	3	1	0	0	
4	3	3	1	0	0	
3	3	3	1	0	0	
3	3	3	1	0	0	
2	3	3	1	0	0	
2	3	3	1	0	0	
1	3	3	1	0	0	
1	3	3	1	0	0	
0	3	3	1	0	0	
0	3	3	1	0	0	
4	0	2	1	0	0	
4	0	2	1	0	0	
3	0	2	1	0	0	
3	0	2	1	0	0	
2	0	2	1	0	0	
2	0	2	1	0	0	
1	0	2	1	0	0	
1	0	2	1	0	0	
0	0	2	1	0	0	
0	0	2	1	0	0	
4	1	2	1	0	0	
4	1	2	1	0	0	
3	1	2	1	0	0	
3	1	2	1	0	0	
2	1	2	1	0	0	
2	1	2	1	0	0	
1	1	2	1	0	0	
1	1	2	1	0	0	
0	1	2	1	0	0	
0	1	2	1	0	0	
4	2	2	1	0	0	
4	2	2	1	0	0	
3	2	2	1	0	0	
3	2	2	1	0	0	
2	2	2	1	0	0	
2	2	2	1	0	0	
1	2	2	1	0	0	
1	2	2	1	0	0	
0	2	2	1	0	0	
0	2	2	1	0	0	
4	3	2	1	0	0	
4	3	2	1	0	0	
3	3	2	1	0	0	
3	3	2	1	0	0	
2	3	2	1	0	0	
2	3	2	1	0	0	
1	3	2	1	0	0	
1	3	2	1	0	0	
0	3	2	1	0	0	
0	3	2	1	0	0	
4	0	1	1	0	0	
4	0	1	1	0	0	
3	0	1	1	0	0	
3	0	1	1	0	0	
2	0	1	1	0	0	
2	0	1	1	0	0	
1	0	1	1	0	0	
1	0	1	1	0	0	
0	0	1	1	0	0	
0	0	1	1	0	0	
4	1	1	1	0	0	
4	1	1	1	0	0	
3	1	1	1	0	0	
3	1	1	1	0	0	
2	1	1	1	0	0	
2	1	1	1	0	0	
1	1	1	1	0	0	
1	1	1	1	0	0	
0	1	1	1	0	0	
0	1	1	1	0	0	
4	2	1	1	0	0	
4	2	1	1	0	0	
3	2	1	1	0	0	
3	2	1	1	0	0	
2	2	1	1	0	0	
2	2	1	1	0	0	
1	2	1	1	0	0	
1	2	1	1	0	0	
0	2	1	1	0	0	
0	2	1	1	0	0	
4	3	1	1	0	0	
4	3	1	1	0	0	
3	3	1	1	0	0	
3	3	1	1	0	0	
2	3	1	1	0	0	
2	3	1	1	0	0	
1	3	1	1	0	0	
1	3	1	1	0	0	
0	3	1	1	0	0	
0	3	1	1	0	0	
4	0	0	1	0	0	
4	0	0	1	0	0	
3	0	0	1	0	0	
3	0	0	1	0	0	
2	0	0	1	0	0	
2	0	0	1	0	0	
1	0	0	1	0	0	
1	0	0	1	0	0	
0	0	0	1	0	0	
0	0	0	1	0	0	
4	1	0	1	0	0	
4	1	0	1	0	0	
3	1	0	1	0	0	
3	1	0	1	0	0	
2	1	0	1	0	0	
2	1	0	1	0	0	
1	1	0	1	0	0	
1	1	0	1	0	0	
0	1	0	1	0	0	
0	1	0	1	0	0	
4	2	0	1	0	0	
4	2	0	1	0	0	
3	2	0	1	0	0	
3	2	0	1	0	0	
2	2	0	1	0	0	
2	2	0	1	0	0	
1	2	0	1	0	0	
1	2	0	1	0	0	
0	2	0	1	0	0	
0	2	0	1	0	0	
4	3	0	1	0	0	
4	3	0	1	0	0	
3	3	0	1	0	0	
3	3	0	1	0	0	
2	3	0	1	0	0	
2	3	0	1	0	0	
1	3	0	1	0	0	
1	3	0	1	0	0	
0	3	0	1	0	0	
0	3	0	1	0	0	
-----------------
Disk IOs: 410
Execution Time: 30.3537 s

=================================

DROP TABLE t1 
Disk IOs: 0
Execution Time: 1.2e-05 s

=================================

DROP TABLE t2 
Disk IOs: 0
Execution Time: 6e-06 s

=================================

DROP TABLE t3 
Disk IOs: 0
Execution Time: 5e-06 s

=================================

DROP TABLE t4 
Disk IOs: 0
Execution Time: 6e-06 s

=================================

DROP TABLE t5 
Disk IOs: 0
Execution Time: 5e-06 s

=================================

DROP TABLE t6 
Disk IOs: 0
Execution Time: 6e-06 s

=================================


Disk IOs: 0
Execution Time: 1.1e-05 s

=================================

